#
# There is insufficient memory for the Java Runtime Environment to continue.
# Native memory allocation (malloc) failed to allocate 784016 bytes for Chunk::new
# Possible reasons:
#   The system is out of physical RAM or swap space
#   The process is running with CompressedOops enabled, and the Java Heap may be blocking the growth of the native heap
# Possible solutions:
#   Reduce memory load on the system
#   Increase physical memory or swap space
#   Check if swap backing store is full
#   Decrease Java heap size (-Xmx/-Xms)
#   Decrease number of Java threads
#   Decrease Java thread stack sizes (-Xss)
#   Set larger code cache with -XX:ReservedCodeCacheSize=
#   JVM is running with Unscaled Compressed Oops mode in which the Java heap is
#     placed in the first 4GB address space. The Java Heap base address is the
#     maximum limit for the native heap growth. Please use -XX:HeapBaseMinAddress
#     to set the Java Heap base and to place the Java Heap above 4GB virtual address.
# This output file may be truncated or incomplete.
#
#  Out of Memory Error (allocation.cpp:389), pid=31644, tid=0x0000000000001fd4
#
# JRE version: OpenJDK Runtime Environment (8.0_212-b04) (build 1.8.0_212-release-1586-b04)
# Java VM: OpenJDK 64-Bit Server VM (25.212-b04 mixed mode windows-amd64 compressed oops)
# Failed to write core dump. Minidumps are not enabled by default on client versions of Windows
#

---------------  T H R E A D  ---------------

Current thread (0x0000000016965800):  JavaThread "C2 CompilerThread2" daemon [_thread_in_native, id=8148, stack(0x00000000172d0000,0x00000000173d0000)]

Stack: [0x00000000172d0000,0x00000000173d0000]
[error occurred during error reporting (printing stack bounds), id 0xc0000005]

Native frames: (J=compiled Java code, j=interpreted, Vv=VM code, C=native code)


Current CompileTask:
C2:  24913 5111       4       sun.reflect.generics.parser.SignatureParser::parsePackageNameAndSimpleClassTypeSignature (139 bytes)


---------------  P R O C E S S  ---------------

Java Threads: ( => current thread )
  0x000000001a649800 JavaThread "Cache worker for file content cache (C:\Users\User\Desktop\Hanyang_Univ\2020_3_(1)\Class_OpenSourceSWdevelop\submission\Personal_Assignments\7th\Jy_WeatherForecast\.gradle\5.6.4\fileContent)" [_thread_blocked, id=8216, stack(0x00000000223c0000,0x00000000224c0000)]
  0x000000001a64b800 JavaThread "Cache worker for file content cache (C:\Users\User\.gradle\caches\5.6.4\fileContent)" [_thread_blocked, id=17040, stack(0x00000000222c0000,0x00000000223c0000)]
  0x000000001a648000 JavaThread "Memory manager" [_thread_blocked, id=17376, stack(0x0000000021990000,0x0000000021a90000)]
  0x000000001a647000 JavaThread "Cache worker for Build Output Cleanup Cache (C:\Users\User\Desktop\Hanyang_Univ\2020_3_(1)\Class_OpenSourceSWdevelop\submission\Personal_Assignments\7th\Jy_WeatherForecast\.gradle\buildOutputCleanup)" [_thread_blocked, id=19848, stack(0x0000000021690000,0x0000000021790000)]
  0x000000001a645800 JavaThread "Build operations Thread 8" [_thread_blocked, id=5256, stack(0x0000000020f90000,0x0000000021090000)]
  0x000000001a643000 JavaThread "Build operations Thread 7" [_thread_blocked, id=24472, stack(0x0000000020e90000,0x0000000020f90000)]
  0x000000001a646800 JavaThread "Build operations Thread 6" [_thread_blocked, id=30452, stack(0x0000000020d90000,0x0000000020e90000)]
  0x000000001a641800 JavaThread "Build operations Thread 5" [_thread_blocked, id=7656, stack(0x0000000020c90000,0x0000000020d90000)]
  0x000000001a63e000 JavaThread "Build operations Thread 4" [_thread_blocked, id=13040, stack(0x0000000020b90000,0x0000000020c90000)]
  0x000000001a645000 JavaThread "Build operations Thread 3" [_thread_blocked, id=28280, stack(0x0000000020a90000,0x0000000020b90000)]
  0x000000001a640000 JavaThread "Build operations Thread 2" [_thread_blocked, id=16060, stack(0x0000000020990000,0x0000000020a90000)]
  0x000000001a63e800 JavaThread "Build operations" [_thread_blocked, id=4840, stack(0x000000001f670000,0x000000001f770000)]
  0x000000001a63d000 JavaThread "Cache worker for execution history cache (C:\Users\User\.gradle\caches\5.6.4\executionHistory)" [_thread_blocked, id=5116, stack(0x000000001ef10000,0x000000001f010000)]
  0x000000001a641000 JavaThread "Cache worker for cache directory md-rule (C:\Users\User\.gradle\caches\5.6.4\md-rule)" [_thread_blocked, id=26640, stack(0x000000001d980000,0x000000001da80000)]
  0x000000001a642800 JavaThread "Cache worker for cache directory md-supplier (C:\Users\User\.gradle\caches\5.6.4\md-supplier)" [_thread_blocked, id=8636, stack(0x000000001d6f0000,0x000000001d7f0000)]
  0x000000001696e000 JavaThread "Cache worker for file hash cache (C:\Users\User\Desktop\Hanyang_Univ\2020_3_(1)\Class_OpenSourceSWdevelop\submission\Personal_Assignments\7th\Jy_WeatherForecast\.gradle\5.6.4\fileHashes)" [_thread_blocked, id=5068, stack(0x000000001d880000,0x000000001d980000)]
  0x0000000016973800 JavaThread "Cache worker for journal cache (C:\Users\User\.gradle\caches\journal-1)" [_thread_blocked, id=16644, stack(0x000000001b250000,0x000000001b350000)]
  0x0000000016970800 JavaThread "File lock request listener" [_thread_in_native, id=32232, stack(0x000000001b150000,0x000000001b250000)]
  0x0000000016971800 JavaThread "Cache worker for file hash cache (C:\Users\User\.gradle\caches\5.6.4\fileHashes)" [_thread_blocked, id=31972, stack(0x000000001b050000,0x000000001b150000)]
  0x0000000017702000 JavaThread "Thread-9" [_thread_blocked, id=32224, stack(0x0000000019d80000,0x0000000019e80000)]
  0x0000000017701800 JavaThread "Stdin handler" [_thread_blocked, id=32064, stack(0x0000000019c80000,0x0000000019d80000)]
  0x0000000018c46000 JavaThread "Asynchronous log dispatcher for DefaultDaemonConnection: socket connection from /127.0.0.1:64297 to /127.0.0.1:64298" [_thread_blocked, id=31948, stack(0x0000000019a80000,0x0000000019b80000)]
  0x0000000018c44000 JavaThread "Daemon worker" [_thread_in_Java, id=31944, stack(0x0000000019980000,0x0000000019a80000)]
  0x0000000018c43000 JavaThread "Cancel handler" [_thread_blocked, id=31908, stack(0x0000000019880000,0x0000000019980000)]
  0x00000000186ec800 JavaThread "Handler for socket connection from /127.0.0.1:64297 to /127.0.0.1:64298" [_thread_in_native, id=31764, stack(0x0000000019580000,0x0000000019680000)]
  0x00000000186b6000 JavaThread "Daemon" [_thread_blocked, id=13800, stack(0x0000000019480000,0x0000000019580000)]
  0x0000000016aa9000 JavaThread "Daemon periodic checks" [_thread_blocked, id=20548, stack(0x0000000019380000,0x0000000019480000)]
  0x00000000169be000 JavaThread "Incoming local TCP Connector on port 64297" [_thread_in_native, id=24252, stack(0x00000000191a0000,0x00000000192a0000)]
  0x0000000016c9a800 JavaThread "Daemon health stats" [_thread_blocked, id=30444, stack(0x0000000018ea0000,0x0000000018fa0000)]
  0x00000000169fa800 JavaThread "Service Thread" daemon [_thread_blocked, id=32716, stack(0x00000000174d0000,0x00000000175d0000)]
  0x0000000016973000 JavaThread "C1 CompilerThread3" daemon [_thread_blocked, id=19656, stack(0x00000000173d0000,0x00000000174d0000)]
=>0x0000000016965800 JavaThread "C2 CompilerThread2" daemon [_thread_in_native, id=8148, stack(0x00000000172d0000,0x00000000173d0000)]
  0x0000000016962000 JavaThread "C2 CompilerThread1" daemon [_thread_blocked, id=30904, stack(0x00000000171d0000,0x00000000172d0000)]
  0x0000000014b0c800 JavaThread "C2 CompilerThread0" daemon [_thread_blocked, id=28776, stack(0x00000000170d0000,0x00000000171d0000)]
  0x0000000016960800 JavaThread "Attach Listener" daemon [_thread_blocked, id=31964, stack(0x0000000016fd0000,0x00000000170d0000)]
  0x000000001690e000 JavaThread "Signal Dispatcher" daemon [_thread_blocked, id=31716, stack(0x0000000016ed0000,0x0000000016fd0000)]
  0x000000000328e800 JavaThread "Finalizer" daemon [_thread_blocked, id=14684, stack(0x0000000016dd0000,0x0000000016ed0000)]
  0x0000000003285000 JavaThread "Reference Handler" daemon [_thread_blocked, id=27960, stack(0x0000000016cd0000,0x0000000016dd0000)]
  0x000000000102e000 JavaThread "main" [_thread_blocked, id=19776, stack(0x0000000003090000,0x0000000003190000)]

Other Threads:
  0x0000000014af8800 VMThread [stack: 0x00000000167d0000,0x00000000168d0000] [id=29880]
  0x00000000169fb800 WatcherThread [stack: 0x00000000175d0000,0x00000000176d0000] [id=14120]

VM state:not at safepoint (normal execution)

VM Mutex/Monitor currently owned by a thread: None

heap address: 0x00000000e0000000, size: 512 MB, Compressed Oops mode: 32-bit
Narrow klass base: 0x0000000000000000, Narrow klass shift: 3
Compressed class space size: 1073741824 Address: 0x0000000100000000

Heap:
 PSYoungGen      total 156672K, used 116669K [0x00000000f5580000, 0x0000000100000000, 0x0000000100000000)
  eden space 143872K, 72% used [0x00000000f5580000,0x00000000fbaf6f70,0x00000000fe200000)
  from space 12800K, 99% used [0x00000000ff380000,0x00000000ffff8788,0x0000000100000000)
  to   space 15360K, 0% used [0x00000000fe200000,0x00000000fe200000,0x00000000ff100000)
 ParOldGen       total 175104K, used 20406K [0x00000000e0000000, 0x00000000eab00000, 0x00000000f5580000)
  object space 175104K, 11% used [0x00000000e0000000,0x00000000e13ed970,0x00000000eab00000)
 Metaspace       used 55398K, capacity 57172K, committed 57216K, reserved 1097728K
  class space    used 7632K, capacity 8041K, committed 8064K, reserved 1048576K

Card table byte_map: [0x0000000012650000,0x0000000012760000] byte_map_base: 0x0000000011f50000

Marking Bits: (ParMarkBitMap*) 0x0000000066dc9f30
 Begin Bits: [0x0000000013010000, 0x0000000013810000)
 End Bits:   [0x0000000013810000, 0x0000000014010000)

Polling page: 0x0000000000bf0000

CodeCache: size=245760Kb used=16737Kb max_used=16737Kb free=229022Kb
 bounds [0x0000000003290000, 0x0000000004300000, 0x0000000012290000]
 total_blobs=5610 nmethods=4828 adapters=694
 compilation: enabled

Compilation events (10 events):
Event: 24.906 Thread 0x0000000016973000 5148       3       com.google.common.collect.ImmutableSet$Builder::<init> (17 bytes)
Event: 24.906 Thread 0x0000000016973000 nmethod 5148 0x00000000042f2710 code [0x00000000042f28a0, 0x00000000042f2cd8]
Event: 24.906 Thread 0x0000000016973000 5141       3       com.google.common.collect.ImmutableSortedSet$Builder::add (8 bytes)
Event: 24.906 Thread 0x0000000016973000 nmethod 5141 0x00000000042e8dd0 code [0x00000000042e8f40, 0x00000000042e90c8]
Event: 24.906 Thread 0x0000000016973000 5142       3       org.gradle.internal.reflect.annotations.impl.DefaultTypeAnnotationMetadataStore$PropertyAnnotationMetadataBuilder::build (27 bytes)
Event: 24.907 Thread 0x0000000016973000 nmethod 5142 0x00000000042f2e90 code [0x00000000042f3060, 0x00000000042f3858]
Event: 24.907 Thread 0x0000000016973000 5144       3       org.gradle.internal.reflect.annotations.impl.DefaultPropertyAnnotationMetadata::<init> (34 bytes)
Event: 24.907 Thread 0x0000000016973000 nmethod 5144 0x00000000042f3d50 code [0x00000000042f3ec0, 0x00000000042f4128]
Event: 24.907 Thread 0x0000000016973000 5149       3       com.google.common.collect.ImmutableSet::of (4 bytes)
Event: 24.907 Thread 0x0000000016973000 nmethod 5149 0x00000000042f4210 code [0x00000000042f4360, 0x00000000042f4490]

GC Heap History (10 events):
Event: 14.400 GC heap before
{Heap before GC invocations=6 (full 1):
 PSYoungGen      total 76288K, used 65536K [0x00000000f5580000, 0x00000000fea80000, 0x0000000100000000)
  eden space 65536K, 100% used [0x00000000f5580000,0x00000000f9580000,0x00000000f9580000)
  from space 10752K, 0% used [0x00000000fa000000,0x00000000fa000000,0x00000000faa80000)
  to   space 10752K, 0% used [0x00000000f9580000,0x00000000f9580000,0x00000000fa000000)
 ParOldGen       total 175104K, used 7385K [0x00000000e0000000, 0x00000000eab00000, 0x00000000f5580000)
  object space 175104K, 4% used [0x00000000e0000000,0x00000000e0736670,0x00000000eab00000)
 Metaspace       used 29152K, capacity 29748K, committed 30080K, reserved 1075200K
  class space    used 3927K, capacity 4103K, committed 4224K, reserved 1048576K
Event: 14.405 GC heap after
Heap after GC invocations=6 (full 1):
 PSYoungGen      total 76288K, used 8308K [0x00000000f5580000, 0x00000000fea00000, 0x0000000100000000)
  eden space 65536K, 0% used [0x00000000f5580000,0x00000000f5580000,0x00000000f9580000)
  from space 10752K, 77% used [0x00000000f9580000,0x00000000f9d9d270,0x00000000fa000000)
  to   space 13312K, 0% used [0x00000000fdd00000,0x00000000fdd00000,0x00000000fea00000)
 ParOldGen       total 175104K, used 7393K [0x00000000e0000000, 0x00000000eab00000, 0x00000000f5580000)
  object space 175104K, 4% used [0x00000000e0000000,0x00000000e0738670,0x00000000eab00000)
 Metaspace       used 29152K, capacity 29748K, committed 30080K, reserved 1075200K
  class space    used 3927K, capacity 4103K, committed 4224K, reserved 1048576K
}
Event: 15.071 GC heap before
{Heap before GC invocations=7 (full 1):
 PSYoungGen      total 76288K, used 73844K [0x00000000f5580000, 0x00000000fea00000, 0x0000000100000000)
  eden space 65536K, 100% used [0x00000000f5580000,0x00000000f9580000,0x00000000f9580000)
  from space 10752K, 77% used [0x00000000f9580000,0x00000000f9d9d270,0x00000000fa000000)
  to   space 13312K, 0% used [0x00000000fdd00000,0x00000000fdd00000,0x00000000fea00000)
 ParOldGen       total 175104K, used 7393K [0x00000000e0000000, 0x00000000eab00000, 0x00000000f5580000)
  object space 175104K, 4% used [0x00000000e0000000,0x00000000e0738670,0x00000000eab00000)
 Metaspace       used 32211K, capacity 32760K, committed 33024K, reserved 1077248K
  class space    used 4415K, capacity 4595K, committed 4608K, reserved 1048576K
Event: 15.081 GC heap after
Heap after GC invocations=7 (full 1):
 PSYoungGen      total 135680K, used 8722K [0x00000000f5580000, 0x00000000fe780000, 0x0000000100000000)
  eden space 124928K, 0% used [0x00000000f5580000,0x00000000f5580000,0x00000000fcf80000)
  from space 10752K, 81% used [0x00000000fdd00000,0x00000000fe584b40,0x00000000fe780000)
  to   space 12288K, 0% used [0x00000000fcf80000,0x00000000fcf80000,0x00000000fdb80000)
 ParOldGen       total 175104K, used 7401K [0x00000000e0000000, 0x00000000eab00000, 0x00000000f5580000)
  object space 175104K, 4% used [0x00000000e0000000,0x00000000e073a670,0x00000000eab00000)
 Metaspace       used 32211K, capacity 32760K, committed 33024K, reserved 1077248K
  class space    used 4415K, capacity 4595K, committed 4608K, reserved 1048576K
}
Event: 18.800 GC heap before
{Heap before GC invocations=8 (full 1):
 PSYoungGen      total 135680K, used 63724K [0x00000000f5580000, 0x00000000fe780000, 0x0000000100000000)
  eden space 124928K, 44% used [0x00000000f5580000,0x00000000f8b364f0,0x00000000fcf80000)
  from space 10752K, 81% used [0x00000000fdd00000,0x00000000fe584b40,0x00000000fe780000)
  to   space 12288K, 0% used [0x00000000fcf80000,0x00000000fcf80000,0x00000000fdb80000)
 ParOldGen       total 175104K, used 7401K [0x00000000e0000000, 0x00000000eab00000, 0x00000000f5580000)
  object space 175104K, 4% used [0x00000000e0000000,0x00000000e073a670,0x00000000eab00000)
 Metaspace       used 34562K, capacity 35418K, committed 35456K, reserved 1079296K
  class space    used 4738K, capacity 4968K, committed 4992K, reserved 1048576K
Event: 18.812 GC heap after
Heap after GC invocations=8 (full 1):
 PSYoungGen      total 137216K, used 10019K [0x00000000f5580000, 0x0000000100000000, 0x0000000100000000)
  eden space 124928K, 0% used [0x00000000f5580000,0x00000000f5580000,0x00000000fcf80000)
  from space 12288K, 81% used [0x00000000fcf80000,0x00000000fd948cc0,0x00000000fdb80000)
  to   space 12800K, 0% used [0x00000000ff380000,0x00000000ff380000,0x0000000100000000)
 ParOldGen       total 175104K, used 7409K [0x00000000e0000000, 0x00000000eab00000, 0x00000000f5580000)
  object space 175104K, 4% used [0x00000000e0000000,0x00000000e073c670,0x00000000eab00000)
 Metaspace       used 34562K, capacity 35418K, committed 35456K, reserved 1079296K
  class space    used 4738K, capacity 4968K, committed 4992K, reserved 1048576K
}
Event: 18.812 GC heap before
{Heap before GC invocations=9 (full 2):
 PSYoungGen      total 137216K, used 10019K [0x00000000f5580000, 0x0000000100000000, 0x0000000100000000)
  eden space 124928K, 0% used [0x00000000f5580000,0x00000000f5580000,0x00000000fcf80000)
  from space 12288K, 81% used [0x00000000fcf80000,0x00000000fd948cc0,0x00000000fdb80000)
  to   space 12800K, 0% used [0x00000000ff380000,0x00000000ff380000,0x0000000100000000)
 ParOldGen       total 175104K, used 7409K [0x00000000e0000000, 0x00000000eab00000, 0x00000000f5580000)
  object space 175104K, 4% used [0x00000000e0000000,0x00000000e073c670,0x00000000eab00000)
 Metaspace       used 34562K, capacity 35418K, committed 35456K, reserved 1079296K
  class space    used 4738K, capacity 4968K, committed 4992K, reserved 1048576K
Event: 18.900 GC heap after
Heap after GC invocations=9 (full 2):
 PSYoungGen      total 137216K, used 0K [0x00000000f5580000, 0x0000000100000000, 0x0000000100000000)
  eden space 124928K, 0% used [0x00000000f5580000,0x00000000f5580000,0x00000000fcf80000)
  from space 12288K, 0% used [0x00000000fcf80000,0x00000000fcf80000,0x00000000fdb80000)
  to   space 12800K, 0% used [0x00000000ff380000,0x00000000ff380000,0x0000000100000000)
 ParOldGen       total 175104K, used 16772K [0x00000000e0000000, 0x00000000eab00000, 0x00000000f5580000)
  object space 175104K, 9% used [0x00000000e0000000,0x00000000e10612a8,0x00000000eab00000)
 Metaspace       used 34542K, capacity 35352K, committed 35456K, reserved 1079296K
  class space    used 4732K, capacity 4957K, committed 4992K, reserved 1048576K
}
Event: 22.057 GC heap before
{Heap before GC invocations=10 (full 2):
 PSYoungGen      total 137216K, used 124928K [0x00000000f5580000, 0x0000000100000000, 0x0000000100000000)
  eden space 124928K, 100% used [0x00000000f5580000,0x00000000fcf80000,0x00000000fcf80000)
  from space 12288K, 0% used [0x00000000fcf80000,0x00000000fcf80000,0x00000000fdb80000)
  to   space 12800K, 0% used [0x00000000ff380000,0x00000000ff380000,0x0000000100000000)
 ParOldGen       total 175104K, used 16772K [0x00000000e0000000, 0x00000000eab00000, 0x00000000f5580000)
  object space 175104K, 9% used [0x00000000e0000000,0x00000000e10612a8,0x00000000eab00000)
 Metaspace       used 47590K, capacity 48714K, committed 48896K, reserved 1091584K
  class space    used 6357K, capacity 6636K, committed 6656K, reserved 1048576K
Event: 22.078 GC heap after
Heap after GC invocations=10 (full 2):
 PSYoungGen      total 156672K, used 12769K [0x00000000f5580000, 0x0000000100000000, 0x0000000100000000)
  eden space 143872K, 0% used [0x00000000f5580000,0x00000000f5580000,0x00000000fe200000)
  from space 12800K, 99% used [0x00000000ff380000,0x00000000ffff8788,0x0000000100000000)
  to   space 15360K, 0% used [0x00000000fe200000,0x00000000fe200000,0x00000000ff100000)
 ParOldGen       total 175104K, used 20406K [0x00000000e0000000, 0x00000000eab00000, 0x00000000f5580000)
  object space 175104K, 11% used [0x00000000e0000000,0x00000000e13ed970,0x00000000eab00000)
 Metaspace       used 47590K, capacity 48714K, committed 48896K, reserved 1091584K
  class space    used 6357K, capacity 6636K, committed 6656K, reserved 1048576K
}

Deoptimization events (10 events):
Event: 23.973 Thread 0x0000000018c44000 Uncommon trap: reason=bimorphic action=maybe_recompile pc=0x000000000418acc4 method=java.util.regex.Pattern$5.isSatisfiedBy(I)Z @ 16
Event: 23.973 Thread 0x0000000018c44000 Uncommon trap: reason=bimorphic action=maybe_recompile pc=0x000000000418acc4 method=java.util.regex.Pattern$5.isSatisfiedBy(I)Z @ 16
Event: 23.973 Thread 0x0000000018c44000 Uncommon trap: reason=bimorphic action=maybe_recompile pc=0x000000000418acc4 method=java.util.regex.Pattern$5.isSatisfiedBy(I)Z @ 16
Event: 23.973 Thread 0x0000000018c44000 Uncommon trap: reason=bimorphic action=maybe_recompile pc=0x000000000418acc4 method=java.util.regex.Pattern$5.isSatisfiedBy(I)Z @ 16
Event: 24.507 Thread 0x0000000018c44000 Uncommon trap: reason=unstable_if action=reinterpret pc=0x00000000037eec68 method=java.util.regex.Pattern$BmpCharProperty.match(Ljava/util/regex/Matcher;ILjava/lang/CharSequence;)Z @ 34
Event: 24.516 Thread 0x0000000018c44000 Uncommon trap: reason=unstable_if action=reinterpret pc=0x00000000037cabf0 method=com.sun.org.apache.xerces.internal.impl.XMLEntityScanner.skipSpaces()Z @ 14
Event: 24.517 Thread 0x0000000018c44000 Uncommon trap: reason=unstable_if action=reinterpret pc=0x00000000037ce530 method=com.sun.org.apache.xerces.internal.impl.XMLEntityScanner.scanLiteral(ILcom/sun/org/apache/xerces/internal/xni/XMLString;Z)I @ 660
Event: 24.538 Thread 0x0000000018c44000 Uncommon trap: reason=unstable_if action=reinterpret pc=0x0000000003fc4a80 method=com.sun.org.apache.xerces.internal.util.SymbolTable.addSymbol([CII)Ljava/lang/String; @ 38
Event: 24.796 Thread 0x0000000018c44000 Uncommon trap: reason=unstable_if action=reinterpret pc=0x0000000003a580f4 method=java.lang.String.lastIndexOf([CII[CIII)I @ 118
Event: 24.847 Thread 0x0000000018c44000 Uncommon trap: reason=predicate action=maybe_recompile pc=0x00000000042e37f8 method=java.util.AbstractCollection.toArray([Ljava/lang/Object;)[Ljava/lang/Object; @ 49

Classes redefined (0 events):
No events

Internal exceptions (10 events):
Event: 22.800 Thread 0x0000000018c44000 Exception <a 'java/lang/NoSuchMethodError': java.lang.Object.lambda$comparingInt$7b0bb60$1(Ljava/util/function/ToIntFunction;Ljava/lang/Object;Ljava/lang/Object;)I> (0x00000000f6e85388) thrown at [D:\src\AOSP-openjdk-cygwin\jdk8u\hotspot\src\share\vm\inte
Event: 22.865 Thread 0x0000000018c44000 Implicit null exception at 0x0000000003ee52e4 to 0x0000000003ee55ed
Event: 23.527 Thread 0x0000000018c44000 Exception <a 'java/lang/ClassNotFoundException': com/android/build/gradle/internal/api/ApkVariantOutputImpl_DecoratedBeanInfo> (0x00000000f7eef0d8) thrown at [D:\src\AOSP-openjdk-cygwin\jdk8u\hotspot\src\share\vm\classfile\systemDictionary.cpp, line 210]
Event: 23.528 Thread 0x0000000018c44000 Exception <a 'java/lang/ClassNotFoundException': com/android/build/gradle/internal/api/ApkVariantOutputImplBeanInfo> (0x00000000f7f0af48) thrown at [D:\src\AOSP-openjdk-cygwin\jdk8u\hotspot\src\share\vm\classfile\systemDictionary.cpp, line 210]
Event: 23.528 Thread 0x0000000018c44000 Exception <a 'java/lang/ClassNotFoundException': com/android/build/gradle/internal/api/BaseVariantOutputImplBeanInfo> (0x00000000f7f280d0) thrown at [D:\src\AOSP-openjdk-cygwin\jdk8u\hotspot\src\share\vm\classfile\systemDictionary.cpp, line 210]
Event: 23.529 Thread 0x0000000018c44000 Exception <a 'java/lang/ClassNotFoundException': com/android/build/gradle/internal/api/BaseVariantOutputImplCustomizer> (0x00000000f7f45770) thrown at [D:\src\AOSP-openjdk-cygwin\jdk8u\hotspot\src\share\vm\classfile\systemDictionary.cpp, line 210]
Event: 23.531 Thread 0x0000000018c44000 Exception <a 'java/lang/ClassNotFoundException': com/android/build/gradle/internal/api/ApkVariantOutputImplCustomizer> (0x00000000f7f7ca80) thrown at [D:\src\AOSP-openjdk-cygwin\jdk8u\hotspot\src\share\vm\classfile\systemDictionary.cpp, line 210]
Event: 23.532 Thread 0x0000000018c44000 Exception <a 'java/lang/ClassNotFoundException': com/android/build/gradle/internal/api/ApkVariantOutputImpl_DecoratedCustomizer> (0x00000000f7faf190) thrown at [D:\src\AOSP-openjdk-cygwin\jdk8u\hotspot\src\share\vm\classfile\systemDictionary.cpp, line 210
Event: 24.024 Thread 0x0000000018c44000 Exception <a 'java/lang/ClassNotFoundException': com/sun/org/glassfish/hk2/osgiresourcelocator/ServiceLoader> (0x00000000f9890308) thrown at [D:\src\AOSP-openjdk-cygwin\jdk8u\hotspot\src\share\vm\classfile\systemDictionary.cpp, line 210]
Event: 24.113 Thread 0x0000000018c44000 Exception <a 'java/lang/NullPointerException'> (0x00000000f9d58b48) thrown at [D:\src\AOSP-openjdk-cygwin\jdk8u\hotspot\src\share\vm\interpreter\linkResolver.cpp, line 1287]

Events (10 events):
Event: 24.907 loading class com/android/build/gradle/internal/core/GradleVariantConfiguration
Event: 24.907 loading class com/android/build/gradle/internal/core/GradleVariantConfiguration done
Event: 24.907 loading class com/android/build/gradle/internal/core/GradleVariantConfiguration
Event: 24.907 loading class com/android/build/gradle/internal/core/GradleVariantConfiguration done
Event: 24.907 loading class com/android/build/gradle/internal/core/GradleVariantConfiguration
Event: 24.907 loading class com/android/build/gradle/internal/core/GradleVariantConfiguration done
Event: 24.908 loading class com/android/builder/model/ProductFlavor
Event: 24.908 loading class com/android/builder/model/ProductFlavor done
Event: 24.909 loading class com/android/build/gradle/tasks/ProcessApplicationManifest$CreationAction
Event: 24.909 loading class com/android/build/gradle/tasks/ProcessApplicationManifest$CreationAction done


Dynamic libraries:
0x00007ff79db70000 - 0x00007ff79dba1000 	C:\Program Files\Android\Android Studio\jre\bin\java.exe
0x00007ffa42140000 - 0x00007ffa42330000 	C:\WINDOWS\SYSTEM32\ntdll.dll
0x00007ffa40350000 - 0x00007ffa40402000 	C:\WINDOWS\System32\KERNEL32.DLL
0x00007ffa3f3a0000 - 0x00007ffa3f644000 	C:\WINDOWS\System32\KERNELBASE.dll
0x00007ffa409c0000 - 0x00007ffa40a63000 	C:\WINDOWS\System32\ADVAPI32.dll
0x00007ffa402b0000 - 0x00007ffa4034e000 	C:\WINDOWS\System32\msvcrt.dll
0x00007ffa41940000 - 0x00007ffa419d7000 	C:\WINDOWS\System32\sechost.dll
0x00007ffa41d60000 - 0x00007ffa41e80000 	C:\WINDOWS\System32\RPCRT4.dll
0x00007ffa40b40000 - 0x00007ffa40cd4000 	C:\WINDOWS\System32\USER32.dll
0x00007ffa3fff0000 - 0x00007ffa40011000 	C:\WINDOWS\System32\win32u.dll
0x00007ffa41bd0000 - 0x00007ffa41bf6000 	C:\WINDOWS\System32\GDI32.dll
0x00007ffa3f650000 - 0x00007ffa3f7e4000 	C:\WINDOWS\System32\gdi32full.dll
0x00007ffa3f2a0000 - 0x00007ffa3f33e000 	C:\WINDOWS\System32\msvcp_win.dll
0x00007ffa3f0d0000 - 0x00007ffa3f1ca000 	C:\WINDOWS\System32\ucrtbase.dll
0x00007ffa3e4b0000 - 0x00007ffa3e734000 	C:\WINDOWS\WinSxS\amd64_microsoft.windows.common-controls_6595b64144ccf1df_6.0.18362.836_none_e6c4b943130f18ed\COMCTL32.dll
0x00007ffa415f0000 - 0x00007ffa41926000 	C:\WINDOWS\System32\combase.dll
0x00007ffa3ff70000 - 0x00007ffa3fff0000 	C:\WINDOWS\System32\bcryptPrimitives.dll
0x00007ffa40a70000 - 0x00007ffa40a9e000 	C:\WINDOWS\System32\IMM32.DLL
0x0000000067b00000 - 0x0000000067bd2000 	C:\Program Files\Android\Android Studio\jre\jre\bin\msvcr100.dll
0x0000000066600000 - 0x0000000066e46000 	C:\Program Files\Android\Android Studio\jre\jre\bin\server\jvm.dll
0x00007ffa41b10000 - 0x00007ffa41b18000 	C:\WINDOWS\System32\PSAPI.DLL
0x00007ffa2f920000 - 0x00007ffa2f92a000 	C:\WINDOWS\SYSTEM32\VERSION.dll
0x00007ffa2bd90000 - 0x00007ffa2bd99000 	C:\WINDOWS\SYSTEM32\WSOCK32.dll
0x00007ffa3aa40000 - 0x00007ffa3aa64000 	C:\WINDOWS\SYSTEM32\WINMM.dll
0x00007ffa413d0000 - 0x00007ffa4143f000 	C:\WINDOWS\System32\WS2_32.dll
0x00007ffa3aa10000 - 0x00007ffa3aa3d000 	C:\WINDOWS\SYSTEM32\winmmbase.dll
0x00007ffa401a0000 - 0x00007ffa401ea000 	C:\WINDOWS\System32\cfgmgr32.dll
0x00007ffa3d300000 - 0x00007ffa3d30f000 	C:\Program Files\Android\Android Studio\jre\jre\bin\verify.dll
0x00007ffa32fa0000 - 0x00007ffa32fc9000 	C:\Program Files\Android\Android Studio\jre\jre\bin\java.dll
0x00007ffa37150000 - 0x00007ffa37166000 	C:\Program Files\Android\Android Studio\jre\jre\bin\zip.dll
0x00007ffa40ce0000 - 0x00007ffa413c4000 	C:\WINDOWS\System32\SHELL32.dll
0x00007ffa41b20000 - 0x00007ffa41bc9000 	C:\WINDOWS\System32\shcore.dll
0x00007ffa3f7f0000 - 0x00007ffa3ff6e000 	C:\WINDOWS\System32\windows.storage.dll
0x00007ffa3f010000 - 0x00007ffa3f033000 	C:\WINDOWS\System32\profapi.dll
0x00007ffa3f060000 - 0x00007ffa3f0aa000 	C:\WINDOWS\System32\powrprof.dll
0x00007ffa3f000000 - 0x00007ffa3f010000 	C:\WINDOWS\System32\UMPDC.dll
0x00007ffa40250000 - 0x00007ffa402a2000 	C:\WINDOWS\System32\shlwapi.dll
0x00007ffa3f0b0000 - 0x00007ffa3f0c1000 	C:\WINDOWS\System32\kernel.appcore.dll
0x00007ffa3f280000 - 0x00007ffa3f297000 	C:\WINDOWS\System32\cryptsp.dll
0x00007ffa36b60000 - 0x00007ffa36b7a000 	C:\Program Files\Android\Android Studio\jre\jre\bin\net.dll
0x00007ffa2fb30000 - 0x00007ffa2fd06000 	C:\WINDOWS\SYSTEM32\urlmon.dll
0x00007ffa30130000 - 0x00007ffa303d6000 	C:\WINDOWS\SYSTEM32\iertutil.dll
0x00007ffa3e360000 - 0x00007ffa3e36c000 	C:\WINDOWS\SYSTEM32\CRYPTBASE.DLL
0x00007ffa3e190000 - 0x00007ffa3e1f7000 	C:\WINDOWS\system32\mswsock.dll
0x00007ffa32f80000 - 0x00007ffa32f93000 	C:\Program Files\Android\Android Studio\jre\jre\bin\nio.dll
0x00007ffa214c0000 - 0x00007ffa214e6000 	C:\Users\User\.gradle\native\30\windows-amd64\native-platform.dll
0x00007ffa3d2f0000 - 0x00007ffa3d2fd000 	C:\Program Files\Android\Android Studio\jre\jre\bin\management.dll
0x00007ffa3dd00000 - 0x00007ffa3dd33000 	C:\WINDOWS\system32\rsaenh.dll
0x00007ffa40020000 - 0x00007ffa40046000 	C:\WINDOWS\System32\bcrypt.dll
0x00007ffa3ef20000 - 0x00007ffa3ef45000 	C:\WINDOWS\SYSTEM32\USERENV.dll
0x00007ffa3dea0000 - 0x00007ffa3deda000 	C:\WINDOWS\SYSTEM32\IPHLPAPI.DLL
0x00007ffa41930000 - 0x00007ffa41938000 	C:\WINDOWS\System32\NSI.dll
0x00007ffa37b10000 - 0x00007ffa37b26000 	C:\WINDOWS\SYSTEM32\dhcpcsvc6.DLL
0x00007ffa37af0000 - 0x00007ffa37b0c000 	C:\WINDOWS\SYSTEM32\dhcpcsvc.DLL
0x00007ffa3dee0000 - 0x00007ffa3dfab000 	C:\WINDOWS\SYSTEM32\DNSAPI.dll

VM Arguments:
jvm_args: -XX:MaxMetaspaceSize=256m -XX:+HeapDumpOnOutOfMemoryError -Xms256m -Xmx512m -Dfile.encoding=x-windows-949 -Duser.country=KR -Duser.language=ko -Duser.variant 
java_command: org.gradle.launcher.daemon.bootstrap.GradleDaemon 5.6.4
java_class_path (initial): C:\Users\User\.gradle\wrapper\dists\gradle-5.6.4-all\ankdp27end7byghfw1q2sw75f\gradle-5.6.4\lib\gradle-launcher-5.6.4.jar
Launcher Type: SUN_STANDARD

Environment Variables:
PATH=C:\Program Files (x86)\NAT Service;C:\app\User\product\11.2.0\dbhome_1\bin;C:\ProgramData\Anaconda3;C:\ProgramData\Anaconda3\Library\mingw-w64\bin;C:\ProgramData\Anaconda3\Library\usr\bin;C:\ProgramData\Anaconda3\Library\bin;C:\ProgramData\Anaconda3\Scripts;C:\Program Files (x86)\NVIDIA Corporation\PhysX\Common;C:\Program Files (x86)\Intel\iCLS Client\;C:\Program Files\Intel\iCLS Client\;C:\WINDOWS\system32;C:\WINDOWS;C:\WINDOWS\System32\Wbem;C:\WINDOWS\System32\WindowsPowerShell\v1.0\;C:\Program Files (x86)\Intel\Intel(R) Management Engine Components\DAL;C:\Program Files\Intel\Intel(R) Management Engine Components\DAL;C:\Program Files (x86)\Intel\Intel(R) Management Engine Components\IPT;C:\Program Files\Intel\Intel(R) Management Engine Components\IPT;C:\Program Files\Intel\WiFi\bin\;C:\Program Files\Common Files\Intel\WirelessCommon\;C:\WINDOWS\System32\OpenSSH\;C:\Program Files\Git\cmd;C:\Program Files\PuTTY\;C:\Program Files (x86)\Windows Kits\8.1\Windows Performance Toolkit\;C:\APM_Setup\Server\Apache\bin;C:\APM_Setup\Server\MySQL5\bin;C:\APM_Setup\Server\PHP5;C:\Program Files\nodejs\;C:\MinGW\bin;C:\Users\user\AppData\Local\Programs\Python\Python37-32\Scripts\;C:\Users\user\AppData\Local\Programs\Python\Python37-32\;C:\Users\User\AppData\Local\Microsoft\WindowsApps;C:\Users\user\AppData\Local\Programs\Microsoft VS Code\bin;C:\Program Files\heroku\bin;C:\Users\User\AppData\Roaming\npm;C:\Users\User\AppData\Local\Programs\MiKTeX 2.9\miktex\bin\x64\;C:\Program Files\Bandizip\
USERNAME=User
OS=Windows_NT
PROCESSOR_IDENTIFIER=Intel64 Family 6 Model 142 Stepping 10, GenuineIntel



---------------  S Y S T E M  ---------------

OS: Windows 10.0 , 64 bit Build 18362 (10.0.18362.778)

CPU:total 8 (initial active 8) (4 cores per cpu, 2 threads per core) family 6 model 142 stepping 10, cmov, cx8, fxsr, mmx, sse, sse2, sse3, ssse3, sse4.1, sse4.2, popcnt, avx, avx2, aes, clmul, erms, 3dnowpref, lzcnt, ht, tsc, tscinvbit, bmi1, bmi2, adx

Memory: 4k page, physical 8217872k(439728k free), swap 33383696k(1100k free)

vm_info: OpenJDK 64-Bit Server VM (25.212-b04) for windows-amd64 JRE (1.8.0_212-release-1586-b04), built by "builder" with MS VC++ 10.0 (VS2010)

time: Sun May 31 13:26:16 2020
timezone: 대한민국 표준시
elapsed time: 24 seconds (0d 0h 0m 24s)

